[2025-12-12T14:53:32.228] [DEBUG] debug-file - Compile arkts with external api path: E:\devecostudio-windows-6.0.1.251\DevEco Studio\sdk\default\hms\ets
[2025-12-12T14:53:32.256] [DEBUG] debug-file - default@CompileArkTS work[4] is submitted.
[2025-12-12T14:53:32.256] [DEBUG] debug-file - default@CompileArkTS work[4] is pushed to ready queue.
[2025-12-12T14:53:32.256] [DEBUG] debug-file - A work dispatched to worker[19] failed because unable to get work from ready queue.
[2025-12-12T14:53:32.256] [DEBUG] debug-file - A work dispatched to worker[18] failed because unable to get work from ready queue.
[2025-12-12T14:53:32.256] [DEBUG] debug-file - A work dispatched to worker[17] failed because unable to get work from ready queue.
[2025-12-12T14:53:32.257] [DEBUG] debug-file - A work dispatched to worker[16] failed because unable to get work from ready queue.
[2025-12-12T14:53:32.257] [DEBUG] debug-file - A work dispatched to worker[15] failed because unable to get work from ready queue.
[2025-12-12T14:53:32.257] [DEBUG] debug-file - A work dispatched to worker[14] failed because unable to get work from ready queue.
[2025-12-12T14:53:32.257] [DEBUG] debug-file - A work dispatched to worker[13] failed because unable to get work from ready queue.
[2025-12-12T14:53:32.257] [DEBUG] debug-file - A work dispatched to worker[12] failed because unable to get work from ready queue.
[2025-12-12T14:53:32.257] [DEBUG] debug-file - A work dispatched to worker[11] failed because unable to get work from ready queue.
[2025-12-12T14:53:32.257] [DEBUG] debug-file - A work dispatched to worker[10] failed because unable to get work from ready queue.
[2025-12-12T14:53:32.257] [DEBUG] debug-file - A work dispatched to worker[9] failed because unable to get work from ready queue.
[2025-12-12T14:53:32.257] [DEBUG] debug-file - A work dispatched to worker[8] failed because unable to get work from ready queue.
[2025-12-12T14:53:32.257] [DEBUG] debug-file - A work dispatched to worker[7] failed because unable to get work from ready queue.
[2025-12-12T14:53:32.257] [DEBUG] debug-file - A work dispatched to worker[6] failed because unable to get work from ready queue.
[2025-12-12T14:53:32.257] [DEBUG] debug-file - A work dispatched to worker[5] failed because unable to get work from ready queue.
[2025-12-12T14:53:32.257] [DEBUG] debug-file - default@CompileArkTS work[4] has been dispatched to worker[4].
[2025-12-12T14:53:32.257] [DEBUG] debug-file - default@CompileArkTS work[4] is dispatched.
[2025-12-12T14:53:32.257] [DEBUG] debug-file - CopyResources startTime: 60316607788600
[2025-12-12T14:53:32.257] [DEBUG] debug-file - default@CompileArkTS work[5] is submitted.
[2025-12-12T14:53:32.257] [DEBUG] debug-file - default@CompileArkTS work[5] is pushed to ready queue.
[2025-12-12T14:53:32.257] [DEBUG] debug-file - A work dispatched to worker[19] failed because unable to get work from ready queue.
[2025-12-12T14:53:32.257] [DEBUG] debug-file - Create  resident worker with id: 18.
[2025-12-12T14:53:32.258] [DEBUG] debug-file - default@CompileArkTS work[5] has been dispatched to worker[18].
[2025-12-12T14:53:32.259] [DEBUG] debug-file - default@CompileArkTS work[5] is dispatched.
[2025-12-12T14:53:32.259] [DEBUG] debug-file - entry : default@CompileArkTS cost memory 1.3068313598632812
[2025-12-12T14:53:32.262] [DEBUG] debug-file - Executing task :entry:default@BuildJS
[2025-12-12T14:53:32.263] [DEBUG] debug-file - Task 'entry:default@BuildJS' cost while wrapping incremental declarations: 1 ms 
[2025-12-12T14:53:32.268] [DEBUG] debug-file - entry : default@BuildJS cost memory 0.1405029296875
[2025-12-12T14:53:32.268] [DEBUG] debug-file - runTaskFromQueue task cost before running: 1 s 975 ms 
[2025-12-12T14:53:32.268] [INFO] debug-file - Finished :entry:default@BuildJS... after 6 ms 
[2025-12-12T14:53:32.270] [DEBUG] debug-file - Executing task :entry:default@CacheNativeLibs
[2025-12-12T14:53:32.270] [DEBUG] debug-file - Task 'entry:default@CacheNativeLibs' cost while wrapping incremental declarations: 1 ms 
[2025-12-12T14:53:32.274] [DEBUG] debug-file - Incremental task entry:default@CacheNativeLibs pre-execution cost: 4 ms .
[2025-12-12T14:53:32.274] [DEBUG] debug-file - entry : default@CacheNativeLibs cost memory 0.093353271484375
[2025-12-12T14:53:32.275] [INFO] debug-file - UP-TO-DATE :entry:default@CacheNativeLibs...  
[2025-12-12T14:53:34.871] [DEBUG] debug-file - worker[18] has one work done.
[2025-12-12T14:53:34.871] [DEBUG] debug-file - CopyResources is end, endTime: 60319221170800
[2025-12-12T14:53:34.871] [DEBUG] debug-file - default@CompileArkTS work[5] done.
[2025-12-12T14:53:34.871] [DEBUG] debug-file - A work dispatched to worker[18] failed because unable to get work from ready queue.
[2025-12-12T14:53:35.909] [DEBUG] debug-file - worker[4] has one work done.
[2025-12-12T14:53:35.915] [DEBUG] debug-file - default@CompileArkTS work[4] done.
[2025-12-12T14:53:35.915] [DEBUG] debug-file - A work dispatched to worker[4] failed because unable to get work from ready queue.
[2025-12-12T14:53:35.918] [INFO] debug-file - Finished :entry:default@CompileArkTS... after 3 s 705 ms 
[2025-12-12T14:53:35.919] [DEBUG] debug-file - Executing task :entry:default@GeneratePkgModuleJson
[2025-12-12T14:53:35.919] [DEBUG] debug-file - File: 'E:\homework_lab\WaterFlow\entry\build\default\intermediates\preload\default\preload.json' from 'preloadSoJsonPath' is not exists, just ignore.
[2025-12-12T14:53:35.919] [DEBUG] debug-file - Error occurs while handling @Input 'shouldDeduplicateHar': The "data" argument must be of type string or an instance of Buffer, TypedArray, or DataView. Received undefined
[2025-12-12T14:53:35.919] [DEBUG] debug-file - Task 'entry:default@GeneratePkgModuleJson' cost while wrapping incremental declarations: 1 ms 
[2025-12-12T14:53:35.920] [DEBUG] debug-file - entry:default@GeneratePkgModuleJson is not up-to-date, since the input file 'E:\homework_lab\WaterFlow\entry\build\default\intermediates\res\default\module.json' has been changed.
[2025-12-12T14:53:35.920] [DEBUG] debug-file - Incremental task entry:default@GeneratePkgModuleJson pre-execution cost: 1 ms .
[2025-12-12T14:53:35.927] [DEBUG] debug-file - entry : default@GeneratePkgModuleJson cost memory 0.183685302734375
[2025-12-12T14:53:35.927] [DEBUG] debug-file - runTaskFromQueue task cost before running: 5 s 635 ms 
[2025-12-12T14:53:35.927] [INFO] debug-file - Finished :entry:default@GeneratePkgModuleJson... after 9 ms 
[2025-12-12T14:53:35.928] [DEBUG] debug-file - Executing task :entry:default@ProcessCompiledResources
[2025-12-12T14:53:35.929] [DEBUG] debug-file - File: 'E:\homework_lab\WaterFlow\entry\build\default\intermediates\preload\default\preload.json' from 'preloadSoJsonPath' is not exists, just ignore.
[2025-12-12T14:53:35.929] [DEBUG] debug-file - Task 'entry:default@ProcessCompiledResources' cost while wrapping incremental declarations: 1 ms 
[2025-12-12T14:53:35.929] [DEBUG] debug-file - entry : default@ProcessCompiledResources cost memory 0.06177520751953125
[2025-12-12T14:53:35.929] [DEBUG] debug-file - runTaskFromQueue task cost before running: 5 s 637 ms 
[2025-12-12T14:53:35.929] [INFO] debug-file - Finished :entry:default@ProcessCompiledResources... after 1 ms 
[2025-12-12T14:53:35.931] [DEBUG] debug-file - Executing task :entry:default@PackageHap
[2025-12-12T14:53:35.933] [DEBUG] debug-file - entry:default@PackageHap is not up-to-date, since the input file 'E:\homework_lab\WaterFlow\entry\build\default\intermediates\res\default\module.json' has been changed.
[2025-12-12T14:53:35.933] [DEBUG] debug-file - Incremental task entry:default@PackageHap pre-execution cost: 2 ms .
[2025-12-12T14:53:35.934] [DEBUG] debug-file - Use tool [E:\devecostudio-windows-6.0.1.251\DevEco Studio\sdk\default\openharmony\toolchains\lib\app_packing_tool.jar]
 [
  'java',
  '-Dfile.encoding=GBK',
  '-jar',
  'E:\\devecostudio-windows-6.0.1.251\\DevEco Studio\\sdk\\default\\openharmony\\toolchains\\lib\\app_packing_tool.jar',
  '--mode',
  'hap',
  '--force',
  'true',
  '--lib-path',
  'E:\\homework_lab\\WaterFlow\\entry\\build\\default\\intermediates\\stripped_native_libs\\default',
  '--json-path',
  'E:\\homework_lab\\WaterFlow\\entry\\build\\default\\intermediates\\package\\default\\module.json',
  '--resources-path',
  'E:\\homework_lab\\WaterFlow\\entry\\build\\default\\intermediates\\res\\default\\resources',
  '--index-path',
  'E:\\homework_lab\\WaterFlow\\entry\\build\\default\\intermediates\\res\\default\\resources.index',
  '--pack-info-path',
  'E:\\homework_lab\\WaterFlow\\entry\\build\\default\\outputs\\default\\pack.info',
  '--out-path',
  'E:\\homework_lab\\WaterFlow\\entry\\build\\default\\outputs\\default\\entry-default-unsigned.hap',
  '--ets-path',
  'E:\\homework_lab\\WaterFlow\\entry\\build\\default\\intermediates\\loader_out\\default\\ets'
]
[2025-12-12T14:53:36.136] [DEBUG] debug-file - java daemon socket received message:{"code":0,"message":"pack success"}
[2025-12-12T14:53:36.158] [DEBUG] debug-file - entry : default@PackageHap cost memory -1.026580810546875
[2025-12-12T14:53:36.158] [DEBUG] debug-file - runTaskFromQueue task cost before running: 5 s 865 ms 
[2025-12-12T14:53:36.160] [INFO] debug-file - Finished :entry:default@PackageHap... after 227 ms 
[2025-12-12T14:53:36.161] [DEBUG] debug-file - Executing task :entry:default@PackingCheck
[2025-12-12T14:53:36.165] [DEBUG] debug-file - entry : default@PackingCheck cost memory 0.39539337158203125
[2025-12-12T14:53:36.166] [DEBUG] debug-file - runTaskFromQueue task cost before running: 5 s 873 ms 
[2025-12-12T14:53:36.166] [INFO] debug-file - Finished :entry:default@PackingCheck... after 6 ms 
[2025-12-12T14:53:36.167] [DEBUG] debug-file - Executing task :entry:default@SignHap
[2025-12-12T14:53:36.167] [WARN] debug-file - Will skip sign 'hos_hap'. No signingConfigs profile is configured in current project.
             If needed, configure the signingConfigs in E:\homework_lab\WaterFlow\build-profile.json5.
[2025-12-12T14:53:36.168] [DEBUG] debug-file - entry:default@SignHap is not up-to-date, since the input file 'E:\homework_lab\WaterFlow\entry\build\default\outputs\default\entry-default-unsigned.hap' has been changed.
[2025-12-12T14:53:36.168] [DEBUG] debug-file - Incremental task entry:default@SignHap pre-execution cost: 1 ms .
[2025-12-12T14:53:36.168] [DEBUG] debug-file - entry : default@SignHap cost memory 0.094268798828125
[2025-12-12T14:53:36.168] [DEBUG] debug-file - runTaskFromQueue task cost before running: 5 s 876 ms 
[2025-12-12T14:53:36.169] [INFO] debug-file - Finished :entry:default@SignHap... after 2 ms 
[2025-12-12T14:53:36.169] [DEBUG] debug-file - Executing task :entry:default@CollectDebugSymbol
[2025-12-12T14:53:36.170] [DEBUG] debug-file - entry : default@CollectDebugSymbol cost memory 0.0884246826171875
[2025-12-12T14:53:36.170] [DEBUG] debug-file - runTaskFromQueue task cost before running: 5 s 878 ms 
[2025-12-12T14:53:36.170] [INFO] debug-file - Finished :entry:default@CollectDebugSymbol... after 1 ms 
[2025-12-12T14:53:36.171] [DEBUG] debug-file - Executing task :entry:assembleHap
[2025-12-12T14:53:36.171] [DEBUG] debug-file - entry : assembleHap cost memory 0.0139007568359375
[2025-12-12T14:53:36.171] [DEBUG] debug-file - runTaskFromQueue task cost before running: 5 s 878 ms 
[2025-12-12T14:53:36.171] [INFO] debug-file - Finished :entry:assembleHap... after 1 ms 
[2025-12-12T14:53:36.181] [INFO] debug-file - BUILD SUCCESSFUL in 5 s 888 ms 
[2025-12-12T14:53:36.182] [DEBUG] debug-file - Update task entry:default@PreBuild input file:E:\homework_lab\WaterFlow\AppScope\app.json5 cache by regenerate.
[2025-12-12T14:53:36.182] [DEBUG] debug-file - Update task entry:default@PreBuild input file:E:\homework_lab\WaterFlow\entry\src\main\module.json5 cache by regenerate.
[2025-12-12T14:53:36.182] [DEBUG] debug-file - Update task entry:default@PreBuild input file:E:\homework_lab\WaterFlow\build-profile.json5 cache by regenerate.
[2025-12-12T14:53:36.182] [DEBUG] debug-file - Update task entry:default@PreBuild input file:E:\homework_lab\WaterFlow\entry\build-profile.json5 cache by regenerate.
[2025-12-12T14:53:36.182] [DEBUG] debug-file - Update task entry:default@PreBuild input file:E:\homework_lab\WaterFlow\entry\src\main\resources\base\profile\main_pages.json cache from map.
[2025-12-12T14:53:36.183] [DEBUG] debug-file - Update task entry:default@PreBuild input file:E:\homework_lab\WaterFlow\hvigor\hvigor-config.json5 cache by regenerate.
[2025-12-12T14:53:36.183] [DEBUG] debug-file - Update task entry:default@PreBuild input file:E:\homework_lab\WaterFlow\entry\oh-package.json5 cache by regenerate.
[2025-12-12T14:53:36.183] [DEBUG] debug-file - Update task entry:default@PreBuild input file:E:\homework_lab\WaterFlow\oh-package.json5 cache by regenerate.
[2025-12-12T14:53:36.183] [DEBUG] debug-file - Incremental task entry:default@PreBuild post-execution cost:2 ms .
[2025-12-12T14:53:36.183] [DEBUG] debug-file - Update task entry:default@CreateModuleInfo output file:E:\homework_lab\WaterFlow\entry\build\default\generated\profile\default\ModuleInfo.ts cache.
[2025-12-12T14:53:36.183] [DEBUG] debug-file - Incremental task entry:default@CreateModuleInfo post-execution cost:1 ms .
[2025-12-12T14:53:36.183] [DEBUG] debug-file - There is no need to refresh cache, since the incremental task entry:default@GenerateMetadata is up-to-date.
[2025-12-12T14:53:36.183] [DEBUG] debug-file - There is no need to refresh cache, since the incremental task entry:default@MergeProfile is up-to-date.
[2025-12-12T14:53:36.183] [DEBUG] debug-file - There is no need to refresh cache, since the incremental task entry:default@CreateBuildProfile is up-to-date.
[2025-12-12T14:53:36.184] [DEBUG] debug-file - Update task entry:default@GeneratePkgContextInfo output file:E:\homework_lab\WaterFlow\entry\build\default\intermediates\loader\default\pkgContextInfo.json cache.
[2025-12-12T14:53:36.184] [DEBUG] debug-file - Incremental task entry:default@GeneratePkgContextInfo post-execution cost:1 ms .
[2025-12-12T14:53:36.184] [DEBUG] debug-file - Update task entry:default@ProcessIntegratedHsp output file:E:\homework_lab\WaterFlow\build\cache\default\integrated_hsp\integratedHspCache.json cache.
[2025-12-12T14:53:36.184] [DEBUG] debug-file - Incremental task entry:default@ProcessIntegratedHsp post-execution cost:1 ms .
[2025-12-12T14:53:36.184] [DEBUG] debug-file - There is no need to refresh cache, since the incremental task entry:default@MakePackInfo is up-to-date.
[2025-12-12T14:53:36.184] [DEBUG] debug-file - Update task entry:default@SyscapTransform input file:E:\devecostudio-windows-6.0.1.251\DevEco Studio\sdk\default\openharmony\toolchains\syscap_tool.exe cache by regenerate.
[2025-12-12T14:53:36.184] [DEBUG] debug-file - Update task entry:default@SyscapTransform input file:E:\devecostudio-windows-6.0.1.251\DevEco Studio\sdk\default\openharmony\ets\api\device-define cache by regenerate.
[2025-12-12T14:53:36.185] [DEBUG] debug-file - Update task entry:default@SyscapTransform output file:E:\homework_lab\WaterFlow\entry\build\default\intermediates\syscap\default\rpcid.sc cache.
[2025-12-12T14:53:36.185] [DEBUG] debug-file - Incremental task entry:default@SyscapTransform post-execution cost:2 ms .
[2025-12-12T14:53:36.185] [DEBUG] debug-file - There is no need to refresh cache, since the incremental task entry:default@ProcessProfile is up-to-date.
[2025-12-12T14:53:36.185] [DEBUG] debug-file - There is no need to refresh cache, since the incremental task entry:default@ProcessRouterMap is up-to-date.
[2025-12-12T14:53:36.185] [DEBUG] debug-file - There is no need to refresh cache, since the incremental task entry:default@ProcessShareConfig is up-to-date.
[2025-12-12T14:53:36.186] [DEBUG] debug-file - Update task entry:default@ProcessStartupConfig output file:E:\homework_lab\WaterFlow\entry\build\default\intermediates\startup\default\startup_config.json cache.
[2025-12-12T14:53:36.187] [DEBUG] debug-file - Incremental task entry:default@ProcessStartupConfig post-execution cost:2 ms .
[2025-12-12T14:53:36.187] [DEBUG] debug-file - There is no need to refresh cache, since the incremental task entry:default@ProcessResource is up-to-date.
[2025-12-12T14:53:36.187] [DEBUG] debug-file - There is no need to refresh cache, since the incremental task entry:default@GenerateLoaderJson is up-to-date.
[2025-12-12T14:53:36.187] [DEBUG] debug-file - There is no need to refresh cache, since the incremental task entry:default@ProcessLibs is up-to-date.
[2025-12-12T14:53:36.187] [DEBUG] debug-file - Update task entry:default@CompileResource input file:E:\homework_lab\WaterFlow\entry\src\main\resources cache from map.
[2025-12-12T14:53:36.187] [DEBUG] debug-file - Update task entry:default@CompileResource input file:E:\homework_lab\WaterFlow\AppScope\resources cache by regenerate.
[2025-12-12T14:53:36.188] [DEBUG] debug-file - Update task entry:default@CompileResource input file:E:\homework_lab\WaterFlow\entry\build\default\intermediates\process_profile\default\module.json cache by regenerate.
[2025-12-12T14:53:36.189] [DEBUG] debug-file - Update task entry:default@CompileResource input file:E:\homework_lab\WaterFlow\entry\build\default\intermediates\res\default\resConfig.json cache by regenerate.
[2025-12-12T14:53:36.189] [DEBUG] debug-file - Update task entry:default@CompileResource output file:E:\homework_lab\WaterFlow\entry\build\default\intermediates\res\default cache.
[2025-12-12T14:53:36.192] [DEBUG] debug-file - Update task entry:default@CompileResource output file:E:\homework_lab\WaterFlow\entry\build\default\generated\r\default\ResourceTable.h cache.
[2025-12-12T14:53:36.192] [DEBUG] debug-file - Update task entry:default@CompileResource output file:E:\homework_lab\WaterFlow\entry\build\default\generated\r\default cache.
[2025-12-12T14:53:36.193] [DEBUG] debug-file - Incremental task entry:default@CompileResource post-execution cost:6 ms .
[2025-12-12T14:53:36.193] [DEBUG] debug-file - There is no need to refresh cache, since the incremental task entry:default@DoNativeStrip is up-to-date.
[2025-12-12T14:53:36.194] [DEBUG] debug-file - Update task entry:default@CompileArkTS input file:E:\homework_lab\WaterFlow\entry\build\default\intermediates\loader\default cache by regenerate.
[2025-12-12T14:53:36.194] [DEBUG] debug-file - Update task entry:default@CompileArkTS input file:E:\homework_lab\WaterFlow\entry\build\default\intermediates\res\default\ResourceTable.txt cache from map.
[2025-12-12T14:53:36.195] [DEBUG] debug-file - Update task entry:default@CompileArkTS input file:E:\homework_lab\WaterFlow\entry\build\default\intermediates\res\default\ark_module.json cache by regenerate.
[2025-12-12T14:53:36.195] [DEBUG] debug-file - Update task entry:default@CompileArkTS input file:E:\homework_lab\WaterFlow\entry\build\default\intermediates\res\default\resources\base\profile cache by regenerate.
[2025-12-12T14:53:36.195] [DEBUG] debug-file - Update task entry:default@CompileArkTS input file:E:\homework_lab\WaterFlow\entry\src\main\ets cache by regenerate.
[2025-12-12T14:53:36.199] [DEBUG] debug-file - Update task entry:default@CompileArkTS input file:E:\homework_lab\WaterFlow\entry\build\default\generated\profile\default\BuildProfile.ets cache by regenerate.
[2025-12-12T14:53:36.199] [DEBUG] debug-file - Update task entry:default@CompileArkTS output file:E:\homework_lab\WaterFlow\entry\build\default\intermediates\loader_out\default\ets cache.
[2025-12-12T14:53:36.200] [DEBUG] debug-file - Incremental task entry:default@CompileArkTS post-execution cost:7 ms .
[2025-12-12T14:53:36.201] [DEBUG] debug-file - Update task entry:default@BuildJS input file:E:\homework_lab\WaterFlow\entry\build\default\intermediates\loader\default cache by regenerate.
[2025-12-12T14:53:36.201] [DEBUG] debug-file - Update task entry:default@BuildJS input file:E:\homework_lab\WaterFlow\entry\build\default\intermediates\res\default\ResourceTable.txt cache by regenerate.
[2025-12-12T14:53:36.201] [DEBUG] debug-file - Update task entry:default@BuildJS input file:E:\homework_lab\WaterFlow\entry\build\default\intermediates\res\default\ark_module.json cache by regenerate.
[2025-12-12T14:53:36.202] [DEBUG] debug-file - Update task entry:default@BuildJS input file:E:\homework_lab\WaterFlow\entry\build\default\intermediates\res\default\resources\base\profile cache by regenerate.
[2025-12-12T14:53:36.202] [DEBUG] debug-file - Update task entry:default@BuildJS output file:E:\homework_lab\WaterFlow\entry\build\default\intermediates\loader_out\default\js cache.
[2025-12-12T14:53:36.203] [DEBUG] debug-file - Incremental task entry:default@BuildJS post-execution cost:3 ms .
[2025-12-12T14:53:36.203] [DEBUG] debug-file - There is no need to refresh cache, since the incremental task entry:default@CacheNativeLibs is up-to-date.
[2025-12-12T14:53:36.203] [DEBUG] debug-file - Update task entry:default@GeneratePkgModuleJson input file:E:\homework_lab\WaterFlow\entry\build\default\intermediates\res\default\module.json cache from map.
[2025-12-12T14:53:36.203] [DEBUG] debug-file - Update task entry:default@GeneratePkgModuleJson output file:E:\homework_lab\WaterFlow\entry\build\default\intermediates\package\default\module.json cache.
[2025-12-12T14:53:36.203] [DEBUG] debug-file - Incremental task entry:default@GeneratePkgModuleJson post-execution cost:1 ms .
[2025-12-12T14:53:36.203] [DEBUG] debug-file - Incremental task entry:default@ProcessCompiledResources post-execution cost:1 ms .
[2025-12-12T14:53:36.204] [DEBUG] debug-file - Update task entry:default@PackageHap input file:E:\homework_lab\WaterFlow\entry\build\default\intermediates\stripped_native_libs\default cache by regenerate.
[2025-12-12T14:53:36.204] [DEBUG] debug-file - Update task entry:default@PackageHap input file:E:\homework_lab\WaterFlow\entry\build\default\intermediates\res\default\module.json cache from map.
[2025-12-12T14:53:36.204] [DEBUG] debug-file - Update task entry:default@PackageHap input file:E:\homework_lab\WaterFlow\entry\build\default\intermediates\res\default\resources cache by regenerate.
[2025-12-12T14:53:36.206] [DEBUG] debug-file - Update task entry:default@PackageHap input file:E:\homework_lab\WaterFlow\entry\build\default\intermediates\res\default\resources.index cache by regenerate.
[2025-12-12T14:53:36.206] [DEBUG] debug-file - Update task entry:default@PackageHap input file:E:\homework_lab\WaterFlow\entry\build\default\outputs\default\pack.info cache by regenerate.
[2025-12-12T14:53:36.206] [DEBUG] debug-file - Update task entry:default@PackageHap input file:E:\homework_lab\WaterFlow\entry\build\default\intermediates\loader_out\default\ets cache by regenerate.
[2025-12-12T14:53:36.207] [DEBUG] debug-file - Update task entry:default@PackageHap input file:E:\homework_lab\WaterFlow\entry\build\default\intermediates\loader_out\default\ets\sourceMaps.map cache by regenerate.
[2025-12-12T14:53:36.207] [DEBUG] debug-file - Update task entry:default@PackageHap input file:E:\homework_lab\WaterFlow\entry\build\default\generated\profile\default\BuildProfile.ets cache by regenerate.
[2025-12-12T14:53:36.207] [DEBUG] debug-file - Update task entry:default@PackageHap output file:E:\homework_lab\WaterFlow\entry\build\default\outputs\default\entry-default-unsigned.hap cache.
[2025-12-12T14:53:36.208] [DEBUG] debug-file - Update task entry:default@PackageHap output file:E:\homework_lab\WaterFlow\entry\build\default\intermediates\source_map\default\sourceMaps.map cache.
[2025-12-12T14:53:36.209] [DEBUG] debug-file - Update task entry:default@PackageHap output file:E:\homework_lab\WaterFlow\entry\build\default\outputs\default\mapping\sourceMaps.map cache.
[2025-12-12T14:53:36.209] [DEBUG] debug-file - Incremental task entry:default@PackageHap post-execution cost:6 ms .
[2025-12-12T14:53:36.209] [DEBUG] debug-file - Update task entry:default@SignHap input file:E:\homework_lab\WaterFlow\entry\build\default\outputs\default\entry-default-unsigned.hap cache from map.
[2025-12-12T14:53:36.209] [DEBUG] debug-file - Update task entry:default@SignHap output file:E:\homework_lab\WaterFlow\entry\build\default\outputs\default\entry-default-signed.hap cache.
[2025-12-12T14:53:36.209] [DEBUG] debug-file - Incremental task entry:default@SignHap post-execution cost:1 ms .
[2025-12-12T14:53:36.210] [DEBUG] debug-file - Update task entry:default@CollectDebugSymbol input file:E:\homework_lab\WaterFlow\entry\build\default\intermediates\loader_out\default\ets\sourceMaps.map cache by regenerate.
[2025-12-12T14:53:36.210] [DEBUG] debug-file - Update task entry:default@CollectDebugSymbol input file:E:\homework_lab\WaterFlow\entry\build\default\intermediates\libs\default cache by regenerate.
[2025-12-12T14:53:36.210] [DEBUG] debug-file - Update task entry:default@CollectDebugSymbol output file:E:\homework_lab\WaterFlow\entry\build\default\outputs\default\symbol cache.
[2025-12-12T14:53:36.210] [DEBUG] debug-file - Incremental task entry:default@CollectDebugSymbol post-execution cost:1 ms .
[2025-12-12T14:53:36.272] [DEBUG] debug-file - Cleanup worker 18.
[2025-12-12T14:53:36.272] [DEBUG] debug-file - Worker 18 has been cleaned up.
[2025-12-12T14:53:36.272] [DEBUG] debug-file - Current idle worker size: 1.
[2025-12-12T14:53:36.272] [DEBUG] debug-file - Current resident worker size: 2.
[2025-12-12T14:53:36.273] [DEBUG] debug-file - hvigor build process will be closed.
[2025-12-12T14:53:36.273] [DEBUG] debug-file - java daemon socket close code:1000 reason:close by user
[2025-12-12T14:53:36.281] [DEBUG] debug-file - session manager: send message to worker process.
[2025-12-12T14:53:36.283] [DEBUG] debug-file - session manager: send message to worker process.
[2025-12-12T14:53:36.280] [DEBUG] debug-file - worker[18] exits with exit code 1.
[2025-12-12T14:53:36.281] [DEBUG] debug-file - watch worker: worker id should be larger than 0. Nothing will be sent to any worker thread.
[2025-12-12T14:53:36.283] [DEBUG] debug-file - watch worker: worker id should be larger than 0. Nothing will be sent to any worker thread.
